ColonyMoon:
  other_componentsdata_mission_devices:
    excellent: 39
    faulty: 40
    good: 31
    killed: 33
    unknown: 22
    warning: 29
  satelite:
    excellent: 25
    faulty: 25
    good: 34
    killed: 37
    unknown: 37
    warning: 36
  space_vehicle:
    excellent: 32
    faulty: 42
    good: 33
    killed: 33
    unknown: 27
    warning: 27
  spacecraft:
    excellent: 23
    faulty: 33
    good: 40
    killed: 27
    unknown: 38
    warning: 33
  spacesuit:
    excellent: 30
    faulty: 36
    good: 38
    killed: 30
    unknown: 32
    warning: 28
GalaxyTwo:
  other_componentsdata_mission_devices:
    excellent: 31
    faulty: 25
    good: 36
    killed: 27
    unknown: 32
    warning: 30
  satelite:
    excellent: 29
    faulty: 23
    good: 35
    killed: 23
    unknown: 39
    warning: 32
  space_vehicle:
    excellent: 27
    faulty: 32
    good: 35
    killed: 24
    unknown: 28
    warning: 35
  spacecraft:
    excellent: 40
    faulty: 28
    good: 22
    killed: 33
    unknown: 30
    warning: 28
  spacesuit:
    excellent: 31
    faulty: 25
    good: 25
    killed: 31
    unknown: 32
    warning: 37
OrbitOne:
  other_componentsdata_mission_devices:
    excellent: 24
    faulty: 27
    good: 36
    killed: 27
    unknown: 40
    warning: 34
  satelite:
    excellent: 38
    faulty: 20
    good: 24
    killed: 35
    unknown: 41
    warning: 30
  space_vehicle:
    excellent: 31
    faulty: 30
    good: 31
    killed: 33
    unknown: 36
    warning: 27
  spacecraft:
    excellent: 30
    faulty: 26
    good: 33
    killed: 42
    unknown: 33
    warning: 24
  spacesuit:
    excellent: 36
    faulty: 31
    good: 36
    killed: 31
    unknown: 29
    warning: 25
Unknow:
  other_componentsdata_mission_devices:
    excellent: 39
    faulty: 37
    good: 34
    killed: 34
    unknown: 27
    warning: 26
  satelite:
    excellent: 29
    faulty: 32
    good: 34
    killed: 37
    unknown: 30
    warning: 35
  space_vehicle:
    excellent: 37
    faulty: 34
    good: 32
    killed: 34
    unknown: 34
    warning: 26
  spacecraft:
    excellent: 29
    faulty: 27
    good: 23
    killed: 39
    unknown: 36
    warning: 43
  spacesuit:
    excellent: 42
    faulty: 36
    good: 30
    killed: 26
    unknown: 34
    warning: 29
VacMars:
  other_componentsdata_mission_devices:
    excellent: 31
    faulty: 45
    good: 29
    killed: 30
    unknown: 26
    warning: 32
  satelite:
    excellent: 29
    faulty: 33
    good: 36
    killed: 35
    unknown: 27
    warning: 33
  space_vehicle:
    excellent: 30
    faulty: 32
    good: 33
    killed: 27
    unknown: 39
    warning: 32
  spacecraft:
    excellent: 20
    faulty: 38
    good: 33
    killed: 32
    unknown: 35
    warning: 35
  spacesuit:
    excellent: 42
    faulty: 25
    good: 37
    killed: 30
    unknown: 31
    warning: 28
